/scratch/ndom2748/tpenv/lib/python3.11/site-packages/torchvision/datasets/cifar.py:83: VisibleDeprecationWarning: dtype(): align should be passed as Python or NumPy boolean but got `align=0`. Did you mean to pass a tuple to create a subarray type? (Deprecated NumPy 2.4)
  entry = pickle.load(f, encoding="latin1")
Data augmentation NOT activated!
Training YourUNet on acdc for 15 epochs
Epoch: 1 of 15
  0%|          | 0/64 [00:00<?, ?it/s]  0%|          | 0/64 [00:04<?, ?it/s, Train loss=0.858, train_acc=0.0194]  2%|▏         | 1/64 [00:04<04:54,  4.67s/it, Train loss=0.858, train_acc=0.0194]  2%|▏         | 1/64 [00:05<05:31,  5.26s/it, Train loss=0.858, train_acc=0.0194]
Traceback (most recent call last):
  File "/scratch/ndom2748/Project/ift780-tp4/src/train.py", line 212, in <module>
    model_trainer.train(num_epochs)
  File "/scratch/ndom2748/Project/ift780-tp4/src/manage/CNNTrainTestManager.py", line 101, in train
    train_outputs = self.model(train_inputs)
                    ^^^^^^^^^^^^^^^^^^^^^^^^
  File "/scratch/ndom2748/tpenv/lib/python3.11/site-packages/torch/nn/modules/module.py", line 1776, in _wrapped_call_impl
    return self._call_impl(*args, **kwargs)
           ^^^^^^^^^^^^^^^^^^^^^^^^^^^^^^^^
  File "/scratch/ndom2748/tpenv/lib/python3.11/site-packages/torch/nn/modules/module.py", line 1787, in _call_impl
    return forward_call(*args, **kwargs)
           ^^^^^^^^^^^^^^^^^^^^^^^^^^^^^
  File "/scratch/ndom2748/Project/ift780-tp4/src/models/yourUNet.py", line 191, in forward
    d1 = self.dec1(torch.cat([d2, e1], dim=1))
         ^^^^^^^^^^^^^^^^^^^^^^^^^^^^^^^^^^^^^
  File "/scratch/ndom2748/tpenv/lib/python3.11/site-packages/torch/nn/modules/module.py", line 1776, in _wrapped_call_impl
    return self._call_impl(*args, **kwargs)
           ^^^^^^^^^^^^^^^^^^^^^^^^^^^^^^^^
  File "/scratch/ndom2748/tpenv/lib/python3.11/site-packages/torch/nn/modules/module.py", line 1787, in _call_impl
    return forward_call(*args, **kwargs)
           ^^^^^^^^^^^^^^^^^^^^^^^^^^^^^
  File "/scratch/ndom2748/Project/ift780-tp4/src/models/yourUNet.py", line 73, in forward
    return self.relu(out + residual)
                     ~~~~^~~~~~~~~~
torch.OutOfMemoryError: CUDA out of memory. Tried to allocate 320.00 MiB. GPU 0 has a total capacity of 9.75 GiB of which 26.94 MiB is free. Including non-PyTorch memory, this process has 9.65 GiB memory in use. Of the allocated memory 9.02 GiB is allocated by PyTorch, and 482.87 MiB is reserved by PyTorch but unallocated. If reserved but unallocated memory is large try setting PYTORCH_ALLOC_CONF=expandable_segments:True to avoid fragmentation.  See documentation for Memory Management  (https://pytorch.org/docs/stable/notes/cuda.html#environment-variables)
